<?xml version="1.0" encoding="UTF-8"?>
<testsuites name="New Test Suite" time="125.128" tests="5" failures="0" errors="0">
   <testsuite name="New Test Suite" tests="5" failures="0" errors="0" time="125.128" skipped="0" timestamp="2023-11-03 17:42:56" hostname="anshu - BMT-LAP-133" id="Test Suites/New Test Suite">
      <properties>
         <property name="deviceName" value=""/>
         <property name="devicePlatform" value=""/>
         <property name="logFolder" value="C:\\Users\\anshu\\git\\Katalon-project\\Reports\\20231103_174250\\New Test Suite\\20231103_174251"/>
         <property name="logFiles" value="C:\\Users\\anshu\\git\\Katalon-project\\Reports\\20231103_174250\\New Test Suite\\20231103_174251\\execution0.log"/>
         <property name="attachments" value="keyes\keyes-feed-toggle.png, keyes\keyes-Shacara.png, keyes\keyes-banner.png, keyes\keyes-main.png, keyes\keyes-GLUXAddressBlook.png"/>
         <property name="hostName" value="anshu - BMT-LAP-133"/>
         <property name="os" value="Windows 11 64bit"/>
         <property name="katalonVersion" value="8.6.8.208"/>
         <property name="browser" value="Chrome 118.0.0.0"/>
         <property name="hostAddress" value="192.168.82.8"/>
         <property name="sessionId" value="2f7e92ae2112531213927d4701e4880f"/>
         <property name="seleniumVersion" value="3.141.59"/>
         <property name="proxyInformation" value="ProxyInformation { proxyOption=NO_PROXY, proxyServerType=HTTP, username=, password=********, proxyServerAddress=, proxyServerPort=0, executionList=&quot;&quot;, isApplyToDesiredCapabilities=true }"/>
         <property name="platform" value="Windows 11"/>
      </properties>
      <testcase name="Test Cases/Visual test cases/Check feed" time="12.855" classname="Test Cases/Visual test cases/Check feed" status="PASSED">
         <system-out><![CDATA[2023-11-03 17:43:11 - [TEST_CASE][PASSED] - Test Cases/Visual test cases/Check feed: Test Cases/Visual test cases/Check feed

2023-11-03 17:43:11 - [TEST_STEP][PASSED] - openBrowser(""): Browser is opened with url: ''

2023-11-03 17:43:11 - [MESSAGE][WARNING] - A browser is already opened. Closing browser and opening a new one

2023-11-03 17:43:11 - [MESSAGE][INFO] - Starting 'Chrome' driver

2023-11-03 17:43:11 - [MESSAGE][INFO] - Action delay is set to 0 milliseconds

2023-11-03 17:43:14 - [MESSAGE][PASSED] - Browser is opened with url: ''

2023-11-03 17:43:14 - [TEST_STEP][PASSED] - navigateToUrl("https://demo.realworld.io/#/"): Navigate to 'https://demo.realworld.io/#/' successfully

2023-11-03 17:43:16 - [MESSAGE][PASSED] - Navigate to 'https://demo.realworld.io/#/' successfully

2023-11-03 17:43:16 - [TEST_STEP][PASSED] - click(findTestObject("Object Repository/Page_Home  Conduit/a_Global Feed")): Object: 'Object Repository/Page_Home  Conduit/a_Global Feed' is clicked on

2023-11-03 17:43:19 - [MESSAGE][PASSED] - Object: 'Object Repository/Page_Home  Conduit/a_Global Feed' is clicked on

2023-11-03 17:43:19 - [TEST_STEP][PASSED] - click(findTestObject("Object Repository/Page_Home  Conduit/ul_Your Feed                               _ddf8ea")): Object: 'Object Repository/Page_Home  Conduit/ul_Your Feed                               _ddf8ea' is clicked on

2023-11-03 17:43:22 - [MESSAGE][PASSED] - Object: 'Object Repository/Page_Home  Conduit/ul_Your Feed                               _ddf8ea' is clicked on

2023-11-03 17:43:22 - [TEST_STEP][PASSED] - takeScreenshotAsCheckpoint("feed-toggle"): Taking screenshot successfully

2023-11-03 17:43:22 - [MESSAGE][INFO] - 0 hidden object(s)

2023-11-03 17:43:23 - [MESSAGE][PASSED] - Taking screenshot successfully
[[ATTACHMENT|keyes\keyes-feed-toggle.png]]

2023-11-03 17:43:23 - [TEST_STEP][PASSED] - closeBrowser(): Browser is closed

2023-11-03 17:43:23 - [MESSAGE][PASSED] - Browser is closed]]></system-out>
         <system-err><![CDATA[]]></system-err>
      </testcase>
      <testcase name="Test Cases/Visual test cases/Shooping sites" time="18.056" classname="Test Cases/Visual test cases/Shooping sites" status="PASSED">
         <system-out><![CDATA[2023-11-03 17:43:23 - [TEST_CASE][PASSED] - Test Cases/Visual test cases/Shooping sites: Test Cases/Visual test cases/Shooping sites

2023-11-03 17:43:24 - [TEST_STEP][PASSED] - openBrowser(""): Browser is opened with url: ''

2023-11-03 17:43:24 - [MESSAGE][INFO] - Starting 'Chrome' driver

2023-11-03 17:43:24 - [MESSAGE][INFO] - Action delay is set to 0 milliseconds

2023-11-03 17:43:25 - [MESSAGE][PASSED] - Browser is opened with url: ''

2023-11-03 17:43:25 - [TEST_STEP][PASSED] - navigateToUrl("https://shacara.com/"): Navigate to 'https://shacara.com/' successfully

2023-11-03 17:43:38 - [MESSAGE][PASSED] - Navigate to 'https://shacara.com/' successfully

2023-11-03 17:43:38 - [TEST_STEP][PASSED] - click(findTestObject("Object Repository/Page_Shacara, Fashion Social Network/h3_Shacara")): Object: 'Object Repository/Page_Shacara, Fashion Social Network/h3_Shacara' is clicked on

2023-11-03 17:43:39 - [MESSAGE][PASSED] - Object: 'Object Repository/Page_Shacara, Fashion Social Network/h3_Shacara' is clicked on

2023-11-03 17:43:39 - [TEST_STEP][PASSED] - takeScreenshotAsCheckpoint("Shacara"): Taking screenshot successfully

2023-11-03 17:43:41 - [MESSAGE][INFO] - 0 hidden object(s)

2023-11-03 17:43:41 - [MESSAGE][PASSED] - Taking screenshot successfully
[[ATTACHMENT|keyes\keyes-Shacara.png]]]]></system-out>
         <system-err><![CDATA[]]></system-err>
      </testcase>
      <testcase name="Test Cases/Visual test cases/Testing web" time="47.222" classname="Test Cases/Visual test cases/Testing web" status="PASSED">
         <system-out><![CDATA[2023-11-03 17:43:41 - [TEST_CASE][PASSED] - Test Cases/Visual test cases/Testing web: Test Cases/Visual test cases/Testing web

2023-11-03 17:43:42 - [TEST_STEP][PASSED] - openBrowser(""): Browser is opened with url: ''

2023-11-03 17:43:42 - [MESSAGE][WARNING] - A browser is already opened. Closing browser and opening a new one

2023-11-03 17:43:43 - [MESSAGE][INFO] - Starting 'Chrome' driver

2023-11-03 17:43:43 - [MESSAGE][INFO] - Action delay is set to 0 milliseconds

2023-11-03 17:43:45 - [MESSAGE][PASSED] - Browser is opened with url: ''

2023-11-03 17:43:45 - [TEST_STEP][PASSED] - navigateToUrl("https://demo.realworld.io/#/"): Navigate to 'https://demo.realworld.io/#/' successfully

2023-11-03 17:44:21 - [MESSAGE][PASSED] - Navigate to 'https://demo.realworld.io/#/' successfully

2023-11-03 17:44:21 - [TEST_STEP][PASSED] - takeScreenshotAsCheckpoint("banner"): Taking screenshot successfully

2023-11-03 17:44:27 - [MESSAGE][INFO] - 0 hidden object(s)

2023-11-03 17:44:27 - [MESSAGE][PASSED] - Taking screenshot successfully
[[ATTACHMENT|keyes\keyes-banner.png]]

2023-11-03 17:44:27 - [TEST_STEP][PASSED] - click(findTestObject("Object Repository/Page_Home  Conduit/h1_conduit")): Object: 'Object Repository/Page_Home  Conduit/h1_conduit' is clicked on

2023-11-03 17:44:28 - [MESSAGE][PASSED] - Object: 'Object Repository/Page_Home  Conduit/h1_conduit' is clicked on

2023-11-03 17:44:28 - [TEST_STEP][PASSED] - closeBrowser(): Browser is closed

2023-11-03 17:44:29 - [MESSAGE][PASSED] - Browser is closed]]></system-out>
         <system-err><![CDATA[]]></system-err>
      </testcase>
      <testcase name="Test Cases/Visual test cases/visual test case 1" time="21.68" classname="Test Cases/Visual test cases/visual test case 1" status="PASSED">
         <system-out><![CDATA[2023-11-03 17:44:29 - [TEST_CASE][PASSED] - Test Cases/Visual test cases/visual test case 1: Test Cases/Visual test cases/visual test case 1

2023-11-03 17:44:29 - [TEST_STEP][PASSED] - openBrowser(""): Browser is opened with url: ''

2023-11-03 17:44:29 - [MESSAGE][INFO] - Starting 'Chrome' driver

2023-11-03 17:44:29 - [MESSAGE][INFO] - Action delay is set to 0 milliseconds

2023-11-03 17:44:31 - [MESSAGE][PASSED] - Browser is opened with url: ''

2023-11-03 17:44:31 - [TEST_STEP][PASSED] - navigateToUrl("https://webflow.com/"): Navigate to 'https://webflow.com/' successfully

2023-11-03 17:44:46 - [MESSAGE][PASSED] - Navigate to 'https://webflow.com/' successfully

2023-11-03 17:44:46 - [TEST_STEP][PASSED] - takeScreenshotAsCheckpoint("main"): Taking screenshot successfully

2023-11-03 17:44:47 - [MESSAGE][INFO] - 0 hidden object(s)

2023-11-03 17:44:49 - [MESSAGE][PASSED] - Taking screenshot successfully
[[ATTACHMENT|keyes\keyes-main.png]]

2023-11-03 17:44:49 - [TEST_STEP][PASSED] - click(findTestObject("Object Repository/Page_Webflow Create a custom website  Visua_cc4ae5/body_-webkit-font-smoothing antialiased-moz_a10992")): Object: 'Object Repository/Page_Webflow Create a custom website  Visua_cc4ae5/body_-webkit-font-smoothing antialiased-moz_a10992' is clicked on

2023-11-03 17:44:50 - [MESSAGE][PASSED] - Object: 'Object Repository/Page_Webflow Create a custom website  Visua_cc4ae5/body_-webkit-font-smoothing antialiased-moz_a10992' is clicked on]]></system-out>
         <system-err><![CDATA[]]></system-err>
      </testcase>
      <testcase name="Test Cases/Visual test cases/Visual test case2" time="10.759" classname="Test Cases/Visual test cases/Visual test case2" status="PASSED">
         <system-out><![CDATA[2023-11-03 17:44:50 - [TEST_CASE][PASSED] - Test Cases/Visual test cases/Visual test case2: Test Cases/Visual test cases/Visual test case2

2023-11-03 17:44:52 - [TEST_STEP][PASSED] - openBrowser(""): Browser is opened with url: ''

2023-11-03 17:44:52 - [MESSAGE][WARNING] - A browser is already opened. Closing browser and opening a new one

2023-11-03 17:44:53 - [MESSAGE][INFO] - Starting 'Chrome' driver

2023-11-03 17:44:53 - [MESSAGE][INFO] - Action delay is set to 0 milliseconds

2023-11-03 17:44:55 - [MESSAGE][PASSED] - Browser is opened with url: ''

2023-11-03 17:44:55 - [TEST_STEP][PASSED] - navigateToUrl("https://www.amazon.in/"): Navigate to 'https://www.amazon.in/' successfully

2023-11-03 17:44:56 - [MESSAGE][PASSED] - Navigate to 'https://www.amazon.in/' successfully

2023-11-03 17:44:56 - [TEST_STEP][PASSED] - click(findTestObject("Object Repository/Page_Online Shopping site in India Shop Onl_10c5f3/span_Update location")): Object: 'Object Repository/Page_Online Shopping site in India Shop Onl_10c5f3/span_Update location' is clicked on

2023-11-03 17:44:58 - [MESSAGE][PASSED] - Object: 'Object Repository/Page_Online Shopping site in India Shop Onl_10c5f3/span_Update location' is clicked on

2023-11-03 17:44:58 - [TEST_STEP][PASSED] - click(findTestObject("Object Repository/Page_Online Shopping site in India Shop Onl_10c5f3/header_Choose your locationChoose your location")): Object: 'Object Repository/Page_Online Shopping site in India Shop Onl_10c5f3/header_Choose your locationChoose your location' is clicked on

2023-11-03 17:44:59 - [MESSAGE][PASSED] - Object: 'Object Repository/Page_Online Shopping site in India Shop Onl_10c5f3/header_Choose your locationChoose your location' is clicked on

2023-11-03 17:44:59 - [TEST_STEP][PASSED] - takeScreenshotAsCheckpoint("GLUXAddressBlook"): Taking screenshot successfully

2023-11-03 17:45:00 - [MESSAGE][INFO] - 0 hidden object(s)

2023-11-03 17:45:00 - [MESSAGE][PASSED] - Taking screenshot successfully
[[ATTACHMENT|keyes\keyes-GLUXAddressBlook.png]]

2023-11-03 17:45:00 - [TEST_STEP][PASSED] - closeBrowser(): Browser is closed

2023-11-03 17:45:01 - [MESSAGE][PASSED] - Browser is closed]]></system-out>
         <system-err><![CDATA[]]></system-err>
      </testcase>
      <system-out><![CDATA[2023-11-03 17:42:56 - [TEST_SUITE][FAILED] - New Test Suite: Test Cases/Visual test cases/Check feed FAILED.
Reason:
com.kms.katalon.core.exception.StepFailedException: Unable to click on object 'Object Repository/Page_Home  Conduit/ul_Your Feed                               _ddf8ea'
	at com.kms.katalon.core.webui.keyword.internal.WebUIKeywordMain.stepFailed(WebUIKeywordMain.groovy:64)
	at com.kms.katalon.core.webui.keyword.internal.WebUIKeywordMain.runKeyword(WebUIKeywordMain.groovy:26)
	at com.kms.katalon.core.webui.keyword.builtin.ClickKeyword.click(ClickKeyword.groovy:74)
	at com.kms.katalon.core.webui.keyword.builtin.ClickKeyword.execute(ClickKeyword.groovy:40)
	at com.kms.katalon.core.keyword.internal.KeywordExecutor.executeKeywordForPlatform(KeywordExecutor.groovy:74)
	at com.kms.katalon.core.webui.keyword.WebUiBuiltInKeywords.click(WebUiBuiltInKeywords.groovy:620)
	at com.kms.katalon.core.webui.keyword.WebUiBuiltInKeywords$click$1.call(Unknown Source)
	at Check feed.run(Check feed:26)
	at com.kms.katalon.core.main.ScriptEngine.run(ScriptEngine.java:194)
	at com.kms.katalon.core.main.ScriptEngine.runScriptAsRawText(ScriptEngine.java:119)
	at com.kms.katalon.core.main.TestCaseExecutor.runScript(TestCaseExecutor.java:448)
	at com.kms.katalon.core.main.TestCaseExecutor.doExecute(TestCaseExecutor.java:439)
	at com.kms.katalon.core.main.TestCaseExecutor.processExecutionPhase(TestCaseExecutor.java:418)
	at com.kms.katalon.core.main.TestCaseExecutor.accessMainPhase(TestCaseExecutor.java:410)
	at com.kms.katalon.core.main.TestCaseExecutor.execute(TestCaseExecutor.java:285)
	at com.kms.katalon.core.common.CommonExecutor.accessTestCaseMainPhase(CommonExecutor.java:65)
	at com.kms.katalon.core.main.TestSuiteExecutor.accessTestSuiteMainPhase(TestSuiteExecutor.java:148)
	at com.kms.katalon.core.main.TestSuiteExecutor.execute(TestSuiteExecutor.java:106)
	at com.kms.katalon.core.main.TestCaseMain.startTestSuite(TestCaseMain.java:187)
	at com.kms.katalon.core.main.TestCaseMain$startTestSuite$0.call(Unknown Source)
	at TempTestSuite1699013571382.run(TempTestSuite1699013571382.groovy:36)
Caused by: org.openqa.selenium.NoSuchWindowException: no such window: target window already closed
from unknown error: web view not found
  (Session info: chrome=118.0.5993.118)
Build info: version: '3.141.59', revision: 'e82be7d358', time: '2018-11-14T08:25:53'
System info: host: 'BMT-LAP-133', ip: '192.168.82.8', os.name: 'Windows 11', os.arch: 'amd64', os.version: '10.0', java.version: '1.8.0_362'
Driver info: com.kms.katalon.selenium.driver.CChromeDriver
Capabilities {acceptInsecureCerts: false, browserName: chrome, browserVersion: 118.0.5993.118, chrome: {chromedriverVersion: 118.0.5993.70 (e52f33f30b91..., userDataDir: C:\Users\anshu\AppData\Loca...}, fedcm:accounts: true, goog:chromeOptions: {debuggerAddress: localhost:51271}, javascriptEnabled: true, networkConnectionEnabled: false, pageLoadStrategy: normal, platform: WINDOWS, platformName: WINDOWS, proxy: Proxy(), setWindowRect: true, strictFileInteractability: false, timeouts: {implicit: 0, pageLoad: 300000, script: 30000}, unhandledPromptBehavior: dismiss and notify, webauthn:extension:credBlob: true, webauthn:extension:largeBlob: true, webauthn:extension:minPinLength: true, webauthn:extension:prf: true, webauthn:virtualAuthenticators: true}
Session ID: f7dbdf6a442f11a527d99de3fb02f2e8
*** Element info: {Using=xpath, value=(.//*[normalize-space(text()) and normalize-space(.)='conduit'])[2]/following::ul[1]}
	at org.openqa.selenium.remote.http.W3CHttpResponseCodec.createException(W3CHttpResponseCodec.java:187)
	at org.openqa.selenium.remote.http.W3CHttpResponseCodec.decode(W3CHttpResponseCodec.java:122)
	at org.openqa.selenium.remote.http.W3CHttpResponseCodec.decode(W3CHttpResponseCodec.java:49)
	at org.openqa.selenium.remote.HttpCommandExecutor.execute(HttpCommandExecutor.java:158)
	at org.openqa.selenium.remote.service.DriverCommandExecutor.execute(DriverCommandExecutor.java:83)
	at org.openqa.selenium.remote.RemoteWebDriver.execute(RemoteWebDriver.java:552)
	at com.kms.katalon.selenium.driver.CChromeDriver.execute(CChromeDriver.java:19)
	at org.openqa.selenium.remote.RemoteWebDriver.findElements(RemoteWebDriver.java:353)
	at org.openqa.selenium.remote.RemoteWebDriver.findElementsByXPath(RemoteWebDriver.java:432)
	at org.openqa.selenium.By$ByXPath.findElements(By.java:348)
	at org.openqa.selenium.remote.RemoteWebDriver.findElements(RemoteWebDriver.java:311)
	at org.openqa.selenium.support.events.EventFiringWebDriver.lambda$new$1(EventFiringWebDriver.java:105)
	at com.sun.proxy.$Proxy10.findElements(Unknown Source)
	at org.openqa.selenium.support.events.EventFiringWebDriver.findElements(EventFiringWebDriver.java:182)
	at com.kms.katalon.core.webui.common.WebUiCommonHelper.findElementByNormalMethods(WebUiCommonHelper.java:1027)
	at com.kms.katalon.core.webui.common.WebUiCommonHelper.findElementsBySelectedMethod(WebUiCommonHelper.java:919)
	at com.kms.katalon.core.webui.common.WebUiCommonHelper.findElementsBySelectedMethod(WebUiCommonHelper.java:901)
	at com.kms.katalon.core.webui.common.WebUiCommonHelper.findElementsBySelectedMethod(WebUiCommonHelper.java:896)
	at com.kms.katalon.core.webui.common.WebUiCommonHelper.findElementsByDefault(WebUiCommonHelper.java:892)
	at com.kms.katalon.core.webui.common.WebUiCommonHelper.findElementsWithSelfHealing(WebUiCommonHelper.java:737)
	at com.kms.katalon.core.webui.common.WebUiCommonHelper.findWebElements(WebUiCommonHelper.java:718)
	at com.kms.katalon.core.webui.common.WebUiCommonHelper.findWebElement(WebUiCommonHelper.java:1376)
	at com.kms.katalon.core.webui.keyword.internal.WebUIAbstractKeyword.findWebElement(WebUIAbstractKeyword.groovy:27)
	at com.kms.katalon.core.webui.keyword.builtin.ClickKeyword$_click_closure1.doCall(ClickKeyword.groovy:65)
	at com.kms.katalon.core.webui.keyword.builtin.ClickKeyword$_click_closure1.call(ClickKeyword.groovy)
	at com.kms.katalon.core.webui.keyword.internal.WebUIKeywordMain.runKeyword(WebUIKeywordMain.groovy:20)
	... 19 more]]></system-out>
      <system-err><![CDATA[2023-11-03 17:42:56 - [TEST_SUITE][FAILED] - New Test Suite: Test Cases/Visual test cases/Check feed FAILED.
Reason:
com.kms.katalon.core.exception.StepFailedException: Unable to click on object 'Object Repository/Page_Home  Conduit/ul_Your Feed                               _ddf8ea'
	at com.kms.katalon.core.webui.keyword.internal.WebUIKeywordMain.stepFailed(WebUIKeywordMain.groovy:64)
	at com.kms.katalon.core.webui.keyword.internal.WebUIKeywordMain.runKeyword(WebUIKeywordMain.groovy:26)
	at com.kms.katalon.core.webui.keyword.builtin.ClickKeyword.click(ClickKeyword.groovy:74)
	at com.kms.katalon.core.webui.keyword.builtin.ClickKeyword.execute(ClickKeyword.groovy:40)
	at com.kms.katalon.core.keyword.internal.KeywordExecutor.executeKeywordForPlatform(KeywordExecutor.groovy:74)
	at com.kms.katalon.core.webui.keyword.WebUiBuiltInKeywords.click(WebUiBuiltInKeywords.groovy:620)
	at com.kms.katalon.core.webui.keyword.WebUiBuiltInKeywords$click$1.call(Unknown Source)
	at Check feed.run(Check feed:26)
	at com.kms.katalon.core.main.ScriptEngine.run(ScriptEngine.java:194)
	at com.kms.katalon.core.main.ScriptEngine.runScriptAsRawText(ScriptEngine.java:119)
	at com.kms.katalon.core.main.TestCaseExecutor.runScript(TestCaseExecutor.java:448)
	at com.kms.katalon.core.main.TestCaseExecutor.doExecute(TestCaseExecutor.java:439)
	at com.kms.katalon.core.main.TestCaseExecutor.processExecutionPhase(TestCaseExecutor.java:418)
	at com.kms.katalon.core.main.TestCaseExecutor.accessMainPhase(TestCaseExecutor.java:410)
	at com.kms.katalon.core.main.TestCaseExecutor.execute(TestCaseExecutor.java:285)
	at com.kms.katalon.core.common.CommonExecutor.accessTestCaseMainPhase(CommonExecutor.java:65)
	at com.kms.katalon.core.main.TestSuiteExecutor.accessTestSuiteMainPhase(TestSuiteExecutor.java:148)
	at com.kms.katalon.core.main.TestSuiteExecutor.execute(TestSuiteExecutor.java:106)
	at com.kms.katalon.core.main.TestCaseMain.startTestSuite(TestCaseMain.java:187)
	at com.kms.katalon.core.main.TestCaseMain$startTestSuite$0.call(Unknown Source)
	at TempTestSuite1699013571382.run(TempTestSuite1699013571382.groovy:36)
Caused by: org.openqa.selenium.NoSuchWindowException: no such window: target window already closed
from unknown error: web view not found
  (Session info: chrome=118.0.5993.118)
Build info: version: '3.141.59', revision: 'e82be7d358', time: '2018-11-14T08:25:53'
System info: host: 'BMT-LAP-133', ip: '192.168.82.8', os.name: 'Windows 11', os.arch: 'amd64', os.version: '10.0', java.version: '1.8.0_362'
Driver info: com.kms.katalon.selenium.driver.CChromeDriver
Capabilities {acceptInsecureCerts: false, browserName: chrome, browserVersion: 118.0.5993.118, chrome: {chromedriverVersion: 118.0.5993.70 (e52f33f30b91..., userDataDir: C:\Users\anshu\AppData\Loca...}, fedcm:accounts: true, goog:chromeOptions: {debuggerAddress: localhost:51271}, javascriptEnabled: true, networkConnectionEnabled: false, pageLoadStrategy: normal, platform: WINDOWS, platformName: WINDOWS, proxy: Proxy(), setWindowRect: true, strictFileInteractability: false, timeouts: {implicit: 0, pageLoad: 300000, script: 30000}, unhandledPromptBehavior: dismiss and notify, webauthn:extension:credBlob: true, webauthn:extension:largeBlob: true, webauthn:extension:minPinLength: true, webauthn:extension:prf: true, webauthn:virtualAuthenticators: true}
Session ID: f7dbdf6a442f11a527d99de3fb02f2e8
*** Element info: {Using=xpath, value=(.//*[normalize-space(text()) and normalize-space(.)='conduit'])[2]/following::ul[1]}
	at org.openqa.selenium.remote.http.W3CHttpResponseCodec.createException(W3CHttpResponseCodec.java:187)
	at org.openqa.selenium.remote.http.W3CHttpResponseCodec.decode(W3CHttpResponseCodec.java:122)
	at org.openqa.selenium.remote.http.W3CHttpResponseCodec.decode(W3CHttpResponseCodec.java:49)
	at org.openqa.selenium.remote.HttpCommandExecutor.execute(HttpCommandExecutor.java:158)
	at org.openqa.selenium.remote.service.DriverCommandExecutor.execute(DriverCommandExecutor.java:83)
	at org.openqa.selenium.remote.RemoteWebDriver.execute(RemoteWebDriver.java:552)
	at com.kms.katalon.selenium.driver.CChromeDriver.execute(CChromeDriver.java:19)
	at org.openqa.selenium.remote.RemoteWebDriver.findElements(RemoteWebDriver.java:353)
	at org.openqa.selenium.remote.RemoteWebDriver.findElementsByXPath(RemoteWebDriver.java:432)
	at org.openqa.selenium.By$ByXPath.findElements(By.java:348)
	at org.openqa.selenium.remote.RemoteWebDriver.findElements(RemoteWebDriver.java:311)
	at org.openqa.selenium.support.events.EventFiringWebDriver.lambda$new$1(EventFiringWebDriver.java:105)
	at com.sun.proxy.$Proxy10.findElements(Unknown Source)
	at org.openqa.selenium.support.events.EventFiringWebDriver.findElements(EventFiringWebDriver.java:182)
	at com.kms.katalon.core.webui.common.WebUiCommonHelper.findElementByNormalMethods(WebUiCommonHelper.java:1027)
	at com.kms.katalon.core.webui.common.WebUiCommonHelper.findElementsBySelectedMethod(WebUiCommonHelper.java:919)
	at com.kms.katalon.core.webui.common.WebUiCommonHelper.findElementsBySelectedMethod(WebUiCommonHelper.java:901)
	at com.kms.katalon.core.webui.common.WebUiCommonHelper.findElementsBySelectedMethod(WebUiCommonHelper.java:896)
	at com.kms.katalon.core.webui.common.WebUiCommonHelper.findElementsByDefault(WebUiCommonHelper.java:892)
	at com.kms.katalon.core.webui.common.WebUiCommonHelper.findElementsWithSelfHealing(WebUiCommonHelper.java:737)
	at com.kms.katalon.core.webui.common.WebUiCommonHelper.findWebElements(WebUiCommonHelper.java:718)
	at com.kms.katalon.core.webui.common.WebUiCommonHelper.findWebElement(WebUiCommonHelper.java:1376)
	at com.kms.katalon.core.webui.keyword.internal.WebUIAbstractKeyword.findWebElement(WebUIAbstractKeyword.groovy:27)
	at com.kms.katalon.core.webui.keyword.builtin.ClickKeyword$_click_closure1.doCall(ClickKeyword.groovy:65)
	at com.kms.katalon.core.webui.keyword.builtin.ClickKeyword$_click_closure1.call(ClickKeyword.groovy)
	at com.kms.katalon.core.webui.keyword.internal.WebUIKeywordMain.runKeyword(WebUIKeywordMain.groovy:20)
	... 19 more]]></system-err>
   </testsuite>
</testsuites>
