<?xml version="1.0" encoding="UTF-8"?>
<testsuites name="sandbox" time="481.179" tests="4" failures="0" errors="0">
   <testsuite name="sandbox" tests="4" failures="0" errors="0" time="481.179" skipped="0" timestamp="2023-11-02 12:35:06" hostname="anshu - BMT-LAP-133" id="Test Suites/sandbox">
      <properties>
         <property name="deviceName" value=""/>
         <property name="devicePlatform" value=""/>
         <property name="logFolder" value="C:\\Users\\anshu\\git\\Katalon-project\\Reports\\20231102_123454\\sandbox\\20231102_123456"/>
         <property name="logFiles" value="C:\\Users\\anshu\\git\\Katalon-project\\Reports\\20231102_123454\\sandbox\\20231102_123456\\execution0.log"/>
         <property name="attachments" value="C:\\Users\\anshu\\git\\Katalon-project\\Reports\\20231102_123454\\sandbox\\20231102_123456\\1698908863442.png, C:\\Users\\anshu\\git\\Katalon-project\\Reports\\20231102_123454\\sandbox\\20231102_123456\\1698908977407.png"/>
         <property name="hostName" value="anshu - BMT-LAP-133"/>
         <property name="os" value="Windows 11 64bit"/>
         <property name="katalonVersion" value="8.6.8.208"/>
         <property name="browser" value="Chrome 118.0.0.0"/>
         <property name="hostAddress" value="192.168.82.8"/>
         <property name="sessionId" value="df37082570c84d7613d0c9418343beba"/>
         <property name="seleniumVersion" value="3.141.59"/>
         <property name="proxyInformation" value="ProxyInformation { proxyOption=NO_PROXY, proxyServerType=HTTP, username=, password=********, proxyServerAddress=, proxyServerPort=0, executionList=&quot;&quot;, isApplyToDesiredCapabilities=true }"/>
         <property name="platform" value="Windows 11"/>
      </properties>
      <testcase name="Test Cases/Improve group sandbox/Login" time="51.858" classname="Test Cases/Improve group sandbox/Login" status="PASSED">
         <system-out><![CDATA[2023-11-02 12:35:07 - [TEST_CASE][PASSED] - Test Cases/Improve group sandbox/Login: Test Cases/Improve group sandbox/Login

2023-11-02 12:35:08 - [TEST_STEP][PASSED] - openBrowser(""): Browser is opened with url: ''

2023-11-02 12:35:09 - [MESSAGE][INFO] - Starting 'Chrome' driver

2023-11-02 12:35:09 - [MESSAGE][INFO] - Action delay is set to 0 milliseconds

2023-11-02 12:35:14 - [MESSAGE][PASSED] - Browser is opened with url: ''

2023-11-02 12:35:14 - [TEST_STEP][PASSED] - navigateToUrl("https://login.microsoftonline.com/5962d1ad-6415-4cb2-be1f-0a8eb0738701/oauth2/authorize?client_id=00000007-0000-0000-c000-000000000000&response_mode=form_post&response_type=code+id_token&scope=openid+profile&state=OpenIdConnect.AuthenticationProperties%3dMAAAAJuRwNptVRHui8UAIkgoLxtiDR72xemKGiQtVno7Y9cddPSyadFN-yt9EaVTRhRVLAEAAAABAAAACS5yZWRpcmVjdCRodHRwczovL2lnLXNhbmRib3guY3JtLmR5bmFtaWNzLmNvbS8%26RedirectTo%3dMAAAAJuRwNptVRHui8UAIkgoLxsIpB2wm%252behUpsJJrDAl3wnWba7gA8ouEjACI7q%252bSzRnWh0dHBzOi8vaWctc2FuZGJveC5jcm0uZHluYW1pY3MuY29tLw%253d%253d%26RedirectToForMcas%3dhttps%253a%252f%252fig-sandbox.crm.dynamics.com%252f&nonce=638345035009298041.ZTk3ZTFiYmMtNDhlZi00MjBiLWI5OTMtMjQ5NWRiOWZiNzdlZjU0ZTQyOGItODY3ZC00NzFkLWJjY2EtNTNmNzY3ZWJiYjli&redirect_uri=https%3a%2f%2fbn1--namcrmlivesg645.crm.dynamics.com%2f&max_age=86400"): Navigate to 'https://login.microsoftonline.com/5962d1ad-6415-4cb2-be1f-0a8eb0738701/oauth2/authorize?client_id=00000007-0000-0000-c000-000000000000&response_mode=form_post&response_type=code+id_token&scope=openid+profile&state=OpenIdConnect.AuthenticationProperties%3dMAAAAJuRwNptVRHui8UAIkgoLxtiDR72xemKGiQtVno7Y9cddPSyadFN-yt9EaVTRhRVLAEAAAABAAAACS5yZWRpcmVjdCRodHRwczovL2lnLXNhbmRib3guY3JtLmR5bmFtaWNzLmNvbS8%26RedirectTo%3dMAAAAJuRwNptVRHui8UAIkgoLxsIpB2wm%252behUpsJJrDAl3wnWba7gA8ouEjACI7q%252bSzRnWh0dHBzOi8vaWctc2FuZGJveC5jcm0uZHluYW1pY3MuY29tLw%253d%253d%26RedirectToForMcas%3dhttps%253a%252f%252fig-sandbox.crm.dynamics.com%252f&nonce=638345035009298041.ZTk3ZTFiYmMtNDhlZi00MjBiLWI5OTMtMjQ5NWRiOWZiNzdlZjU0ZTQyOGItODY3ZC00NzFkLWJjY2EtNTNmNzY3ZWJiYjli&redirect_uri=https%3a%2f%2fbn1--namcrmlivesg645.crm.dynamics.com%2f&max_age=86400' successfully

2023-11-02 12:35:16 - [MESSAGE][PASSED] - Navigate to 'https://login.microsoftonline.com/5962d1ad-6415-4cb2-be1f-0a8eb0738701/oauth2/authorize?client_id=00000007-0000-0000-c000-000000000000&response_mode=form_post&response_type=code+id_token&scope=openid+profile&state=OpenIdConnect.AuthenticationProperties%3dMAAAAJuRwNptVRHui8UAIkgoLxtiDR72xemKGiQtVno7Y9cddPSyadFN-yt9EaVTRhRVLAEAAAABAAAACS5yZWRpcmVjdCRodHRwczovL2lnLXNhbmRib3guY3JtLmR5bmFtaWNzLmNvbS8%26RedirectTo%3dMAAAAJuRwNptVRHui8UAIkgoLxsIpB2wm%252behUpsJJrDAl3wnWba7gA8ouEjACI7q%252bSzRnWh0dHBzOi8vaWctc2FuZGJveC5jcm0uZHluYW1pY3MuY29tLw%253d%253d%26RedirectToForMcas%3dhttps%253a%252f%252fig-sandbox.crm.dynamics.com%252f&nonce=638345035009298041.ZTk3ZTFiYmMtNDhlZi00MjBiLWI5OTMtMjQ5NWRiOWZiNzdlZjU0ZTQyOGItODY3ZC00NzFkLWJjY2EtNTNmNzY3ZWJiYjli&redirect_uri=https%3a%2f%2fbn1--namcrmlivesg645.crm.dynamics.com%2f&max_age=86400' successfully

2023-11-02 12:35:16 - [TEST_STEP][PASSED] - setText(findTestObject("Object Repository/Page_Sign in to your account/input_Sign in_loginfmt"), "developer@improvegroup.net"): Text 'developer@improvegroup.net' is set on object 'Object Repository/Page_Sign in to your account/input_Sign in_loginfmt'

2023-11-02 12:35:21 - [MESSAGE][PASSED] - Text 'developer@improvegroup.net' is set on object 'Object Repository/Page_Sign in to your account/input_Sign in_loginfmt'

2023-11-02 12:35:21 - [TEST_STEP][PASSED] - click(findTestObject("Object Repository/Page_Sign in to your account/input_Sign in_idSIButton9")): Object: 'Object Repository/Page_Sign in to your account/input_Sign in_idSIButton9' is clicked on

2023-11-02 12:35:21 - [MESSAGE][PASSED] - Object: 'Object Repository/Page_Sign in to your account/input_Sign in_idSIButton9' is clicked on

2023-11-02 12:35:21 - [TEST_STEP][PASSED] - setEncryptedText(findTestObject("Object Repository/Page_Sign in to your account/input_Enter password_passwd"), "sK5W0xXM7P4PcWMR5eMBjA=="): Text ****** has been set on object 'Object Repository/Page_Sign in to your account/input_Enter password_passwd'

2023-11-02 12:35:24 - [MESSAGE][PASSED] - Text ****** has been set on object 'Object Repository/Page_Sign in to your account/input_Enter password_passwd'

2023-11-02 12:35:24 - [TEST_STEP][PASSED] - click(findTestObject("Object Repository/Page_Sign in to your account/input_Sign in_idSIButton9")): Object: 'Object Repository/Page_Sign in to your account/input_Sign in_idSIButton9' is clicked on

2023-11-02 12:35:25 - [MESSAGE][PASSED] - Object: 'Object Repository/Page_Sign in to your account/input_Sign in_idSIButton9' is clicked on

2023-11-02 12:35:25 - [TEST_STEP][PASSED] - click(findTestObject("Object Repository/Page_Sign in to your account/span_Dont show this again")): Object: 'Object Repository/Page_Sign in to your account/span_Dont show this again' is clicked on

2023-11-02 12:35:26 - [MESSAGE][PASSED] - Object: 'Object Repository/Page_Sign in to your account/span_Dont show this again' is clicked on

2023-11-02 12:35:26 - [TEST_STEP][PASSED] - click(findTestObject("Object Repository/Page_Sign in to your account/input_Sign in_idSIButton9")): Object: 'Object Repository/Page_Sign in to your account/input_Sign in_idSIButton9' is clicked on

2023-11-02 12:35:34 - [MESSAGE][PASSED] - Object: 'Object Repository/Page_Sign in to your account/input_Sign in_idSIButton9' is clicked on

2023-11-02 12:35:34 - [TEST_STEP][PASSED] - click(findTestObject("Object Repository/Page_Apps - Dynamics 365/div_Sales Team MemberTeam Member access to _92f2a0")): Object: 'Object Repository/Page_Apps - Dynamics 365/div_Sales Team MemberTeam Member access to _92f2a0' is clicked on

2023-11-02 12:35:56 - [MESSAGE][PASSED] - Object: 'Object Repository/Page_Apps - Dynamics 365/div_Sales Team MemberTeam Member access to _92f2a0' is clicked on

2023-11-02 12:35:57 - [TEST_STEP][PASSED] - closeBrowser(): Browser is closed

2023-11-02 12:35:59 - [MESSAGE][PASSED] - Browser is closed]]></system-out>
         <system-err><![CDATA[]]></system-err>
      </testcase>
      <testcase name="Test Cases/Improve group sandbox/navigate to opportunity" time="83.645" classname="Test Cases/Improve group sandbox/navigate to opportunity" status="PASSED">
         <system-out><![CDATA[2023-11-02 12:39:37 - [TEST_CASE][PASSED] - Test Cases/Improve group sandbox/navigate to opportunity: Test Cases/Improve group sandbox/navigate to opportunity

2023-11-02 12:39:37 - [TEST_STEP][PASSED] - openBrowser(""): Browser is opened with url: ''

2023-11-02 12:39:37 - [MESSAGE][WARNING] - A browser is already opened. Closing browser and opening a new one

2023-11-02 12:39:38 - [MESSAGE][INFO] - Starting 'Chrome' driver

2023-11-02 12:39:38 - [MESSAGE][INFO] - Action delay is set to 0 milliseconds

2023-11-02 12:39:40 - [MESSAGE][PASSED] - Browser is opened with url: ''

2023-11-02 12:39:40 - [TEST_STEP][PASSED] - navigateToUrl("https://login.microsoftonline.com/5962d1ad-6415-4cb2-be1f-0a8eb0738701/oauth2/authorize?client_id=00000007-0000-0000-c000-000000000000&response_mode=form_post&response_type=code+id_token&scope=openid+profile&state=OpenIdConnect.AuthenticationProperties%3dMAAAAJuRwNptVRHui8UAIkgoLxtiDR72xemKGiQtVno7Y9cddPSyadFN-yt9EaVTRhRVLAEAAAABAAAACS5yZWRpcmVjdCRodHRwczovL2lnLXNhbmRib3guY3JtLmR5bmFtaWNzLmNvbS8%26RedirectTo%3dMAAAAJuRwNptVRHui8UAIkgoLxsIpB2wm%252behUpsJJrDAl3wnWba7gA8ouEjACI7q%252bSzRnWh0dHBzOi8vaWctc2FuZGJveC5jcm0uZHluYW1pY3MuY29tLw%253d%253d%26RedirectToForMcas%3dhttps%253a%252f%252fig-sandbox.crm.dynamics.com%252f&nonce=638345051644984248.OTM2ZDEzNzgtOGUzYi00NGUyLTk0NzUtNDI0N2FmZTZkYjgzNTU0ZmVmNDgtZDJjMi00Y2QwLWE5MWItY2VkOWVhNmI1MjY4&redirect_uri=https%3a%2f%2fbn1--namcrmlivesg645.crm.dynamics.com%2f&max_age=86400"): Navigate to 'https://login.microsoftonline.com/5962d1ad-6415-4cb2-be1f-0a8eb0738701/oauth2/authorize?client_id=00000007-0000-0000-c000-000000000000&response_mode=form_post&response_type=code+id_token&scope=openid+profile&state=OpenIdConnect.AuthenticationProperties%3dMAAAAJuRwNptVRHui8UAIkgoLxtiDR72xemKGiQtVno7Y9cddPSyadFN-yt9EaVTRhRVLAEAAAABAAAACS5yZWRpcmVjdCRodHRwczovL2lnLXNhbmRib3guY3JtLmR5bmFtaWNzLmNvbS8%26RedirectTo%3dMAAAAJuRwNptVRHui8UAIkgoLxsIpB2wm%252behUpsJJrDAl3wnWba7gA8ouEjACI7q%252bSzRnWh0dHBzOi8vaWctc2FuZGJveC5jcm0uZHluYW1pY3MuY29tLw%253d%253d%26RedirectToForMcas%3dhttps%253a%252f%252fig-sandbox.crm.dynamics.com%252f&nonce=638345051644984248.OTM2ZDEzNzgtOGUzYi00NGUyLTk0NzUtNDI0N2FmZTZkYjgzNTU0ZmVmNDgtZDJjMi00Y2QwLWE5MWItY2VkOWVhNmI1MjY4&redirect_uri=https%3a%2f%2fbn1--namcrmlivesg645.crm.dynamics.com%2f&max_age=86400' successfully

2023-11-02 12:39:42 - [MESSAGE][PASSED] - Navigate to 'https://login.microsoftonline.com/5962d1ad-6415-4cb2-be1f-0a8eb0738701/oauth2/authorize?client_id=00000007-0000-0000-c000-000000000000&response_mode=form_post&response_type=code+id_token&scope=openid+profile&state=OpenIdConnect.AuthenticationProperties%3dMAAAAJuRwNptVRHui8UAIkgoLxtiDR72xemKGiQtVno7Y9cddPSyadFN-yt9EaVTRhRVLAEAAAABAAAACS5yZWRpcmVjdCRodHRwczovL2lnLXNhbmRib3guY3JtLmR5bmFtaWNzLmNvbS8%26RedirectTo%3dMAAAAJuRwNptVRHui8UAIkgoLxsIpB2wm%252behUpsJJrDAl3wnWba7gA8ouEjACI7q%252bSzRnWh0dHBzOi8vaWctc2FuZGJveC5jcm0uZHluYW1pY3MuY29tLw%253d%253d%26RedirectToForMcas%3dhttps%253a%252f%252fig-sandbox.crm.dynamics.com%252f&nonce=638345051644984248.OTM2ZDEzNzgtOGUzYi00NGUyLTk0NzUtNDI0N2FmZTZkYjgzNTU0ZmVmNDgtZDJjMi00Y2QwLWE5MWItY2VkOWVhNmI1MjY4&redirect_uri=https%3a%2f%2fbn1--namcrmlivesg645.crm.dynamics.com%2f&max_age=86400' successfully

2023-11-02 12:39:42 - [TEST_STEP][PASSED] - setText(findTestObject("Object Repository/Page_Sign in to your account/input_Sign in_loginfmt"), "anshu@binmile.com"): Text 'anshu@binmile.com' is set on object 'Object Repository/Page_Sign in to your account/input_Sign in_loginfmt'

2023-11-02 12:39:45 - [MESSAGE][PASSED] - Text 'anshu@binmile.com' is set on object 'Object Repository/Page_Sign in to your account/input_Sign in_loginfmt'

2023-11-02 12:39:45 - [TEST_STEP][PASSED] - click(findTestObject("Object Repository/Page_Sign in to your account/input_Sign in_idSIButton9")): Object: 'Object Repository/Page_Sign in to your account/input_Sign in_idSIButton9' is clicked on

2023-11-02 12:39:45 - [MESSAGE][PASSED] - Object: 'Object Repository/Page_Sign in to your account/input_Sign in_idSIButton9' is clicked on

2023-11-02 12:39:45 - [TEST_STEP][PASSED] - setEncryptedText(findTestObject("Object Repository/Page_Sign in to your account/input_Enter password_passwd"), "fbLyEXJQlq0lCP8/IajhPA=="): Text ****** has been set on object 'Object Repository/Page_Sign in to your account/input_Enter password_passwd'

2023-11-02 12:39:48 - [MESSAGE][PASSED] - Text ****** has been set on object 'Object Repository/Page_Sign in to your account/input_Enter password_passwd'

2023-11-02 12:39:48 - [TEST_STEP][PASSED] - click(findTestObject("Object Repository/Page_Sign in to your account/input_Sign in_idSIButton9")): Object: 'Object Repository/Page_Sign in to your account/input_Sign in_idSIButton9' is clicked on

2023-11-02 12:39:51 - [MESSAGE][PASSED] - Object: 'Object Repository/Page_Sign in to your account/input_Sign in_idSIButton9' is clicked on

2023-11-02 12:39:51 - [TEST_STEP][PASSED] - click(findTestObject("Object Repository/Page_Sign in to your account/input_Sign in_idSIButton9")): Object: 'Object Repository/Page_Sign in to your account/input_Sign in_idSIButton9' is clicked on

2023-11-02 12:40:12 - [MESSAGE][PASSED] - Object: 'Object Repository/Page_Sign in to your account/input_Sign in_idSIButton9' is clicked on

2023-11-02 12:40:12 - [TEST_STEP][PASSED] - click(findTestObject("Object Repository/Page_Apps - Dynamics 365/div_Sales Team Member")): Object: 'Object Repository/Page_Apps - Dynamics 365/div_Sales Team Member' is clicked on

2023-11-02 12:40:27 - [MESSAGE][PASSED] - Object: 'Object Repository/Page_Apps - Dynamics 365/div_Sales Team Member' is clicked on

2023-11-02 12:40:27 - [TEST_STEP][PASSED] - click(findTestObject("Object Repository/Page_1. My Tasks  Active Projects - Dynamics 365/span_Home")): Object: 'Object Repository/Page_1. My Tasks  Active Projects - Dynamics 365/span_Home' is clicked on

2023-11-02 12:40:57 - [MESSAGE][PASSED] - Object: 'Object Repository/Page_1. My Tasks  Active Projects - Dynamics 365/span_Home' is clicked on

2023-11-02 12:40:57 - [TEST_STEP][PASSED] - click(findTestObject("Object Repository/Page_1. My Tasks  Active Projects - Dynamics 365/div_Opportunities")): Object: 'Object Repository/Page_1. My Tasks  Active Projects - Dynamics 365/div_Opportunities' is clicked on

2023-11-02 12:40:59 - [MESSAGE][PASSED] - Object: 'Object Repository/Page_1. My Tasks  Active Projects - Dynamics 365/div_Opportunities' is clicked on

2023-11-02 12:40:59 - [TEST_STEP][PASSED] - closeBrowser(): Browser is closed

2023-11-02 12:41:01 - [MESSAGE][PASSED] - Browser is closed]]></system-out>
         <system-err><![CDATA[]]></system-err>
      </testcase>
      <testcase name="Test Cases/Improve group sandbox/Login" time="36.204" classname="Test Cases/Improve group sandbox/Login" status="PASSED">
         <system-out><![CDATA[2023-11-02 12:41:01 - [TEST_CASE][PASSED] - Test Cases/Improve group sandbox/Login: Test Cases/Improve group sandbox/Login

2023-11-02 12:41:01 - [TEST_STEP][PASSED] - openBrowser(""): Browser is opened with url: ''

2023-11-02 12:41:01 - [MESSAGE][INFO] - Starting 'Chrome' driver

2023-11-02 12:41:01 - [MESSAGE][INFO] - Action delay is set to 0 milliseconds

2023-11-02 12:41:02 - [MESSAGE][PASSED] - Browser is opened with url: ''

2023-11-02 12:41:02 - [TEST_STEP][PASSED] - navigateToUrl("https://login.microsoftonline.com/5962d1ad-6415-4cb2-be1f-0a8eb0738701/oauth2/authorize?client_id=00000007-0000-0000-c000-000000000000&response_mode=form_post&response_type=code+id_token&scope=openid+profile&state=OpenIdConnect.AuthenticationProperties%3dMAAAAJuRwNptVRHui8UAIkgoLxtiDR72xemKGiQtVno7Y9cddPSyadFN-yt9EaVTRhRVLAEAAAABAAAACS5yZWRpcmVjdCRodHRwczovL2lnLXNhbmRib3guY3JtLmR5bmFtaWNzLmNvbS8%26RedirectTo%3dMAAAAJuRwNptVRHui8UAIkgoLxsIpB2wm%252behUpsJJrDAl3wnWba7gA8ouEjACI7q%252bSzRnWh0dHBzOi8vaWctc2FuZGJveC5jcm0uZHluYW1pY3MuY29tLw%253d%253d%26RedirectToForMcas%3dhttps%253a%252f%252fig-sandbox.crm.dynamics.com%252f&nonce=638345035009298041.ZTk3ZTFiYmMtNDhlZi00MjBiLWI5OTMtMjQ5NWRiOWZiNzdlZjU0ZTQyOGItODY3ZC00NzFkLWJjY2EtNTNmNzY3ZWJiYjli&redirect_uri=https%3a%2f%2fbn1--namcrmlivesg645.crm.dynamics.com%2f&max_age=86400"): Navigate to 'https://login.microsoftonline.com/5962d1ad-6415-4cb2-be1f-0a8eb0738701/oauth2/authorize?client_id=00000007-0000-0000-c000-000000000000&response_mode=form_post&response_type=code+id_token&scope=openid+profile&state=OpenIdConnect.AuthenticationProperties%3dMAAAAJuRwNptVRHui8UAIkgoLxtiDR72xemKGiQtVno7Y9cddPSyadFN-yt9EaVTRhRVLAEAAAABAAAACS5yZWRpcmVjdCRodHRwczovL2lnLXNhbmRib3guY3JtLmR5bmFtaWNzLmNvbS8%26RedirectTo%3dMAAAAJuRwNptVRHui8UAIkgoLxsIpB2wm%252behUpsJJrDAl3wnWba7gA8ouEjACI7q%252bSzRnWh0dHBzOi8vaWctc2FuZGJveC5jcm0uZHluYW1pY3MuY29tLw%253d%253d%26RedirectToForMcas%3dhttps%253a%252f%252fig-sandbox.crm.dynamics.com%252f&nonce=638345035009298041.ZTk3ZTFiYmMtNDhlZi00MjBiLWI5OTMtMjQ5NWRiOWZiNzdlZjU0ZTQyOGItODY3ZC00NzFkLWJjY2EtNTNmNzY3ZWJiYjli&redirect_uri=https%3a%2f%2fbn1--namcrmlivesg645.crm.dynamics.com%2f&max_age=86400' successfully

2023-11-02 12:41:04 - [MESSAGE][PASSED] - Navigate to 'https://login.microsoftonline.com/5962d1ad-6415-4cb2-be1f-0a8eb0738701/oauth2/authorize?client_id=00000007-0000-0000-c000-000000000000&response_mode=form_post&response_type=code+id_token&scope=openid+profile&state=OpenIdConnect.AuthenticationProperties%3dMAAAAJuRwNptVRHui8UAIkgoLxtiDR72xemKGiQtVno7Y9cddPSyadFN-yt9EaVTRhRVLAEAAAABAAAACS5yZWRpcmVjdCRodHRwczovL2lnLXNhbmRib3guY3JtLmR5bmFtaWNzLmNvbS8%26RedirectTo%3dMAAAAJuRwNptVRHui8UAIkgoLxsIpB2wm%252behUpsJJrDAl3wnWba7gA8ouEjACI7q%252bSzRnWh0dHBzOi8vaWctc2FuZGJveC5jcm0uZHluYW1pY3MuY29tLw%253d%253d%26RedirectToForMcas%3dhttps%253a%252f%252fig-sandbox.crm.dynamics.com%252f&nonce=638345035009298041.ZTk3ZTFiYmMtNDhlZi00MjBiLWI5OTMtMjQ5NWRiOWZiNzdlZjU0ZTQyOGItODY3ZC00NzFkLWJjY2EtNTNmNzY3ZWJiYjli&redirect_uri=https%3a%2f%2fbn1--namcrmlivesg645.crm.dynamics.com%2f&max_age=86400' successfully

2023-11-02 12:41:04 - [TEST_STEP][PASSED] - setText(findTestObject("Object Repository/Page_Sign in to your account/input_Sign in_loginfmt"), "developer@improvegroup.net"): Text 'developer@improvegroup.net' is set on object 'Object Repository/Page_Sign in to your account/input_Sign in_loginfmt'

2023-11-02 12:41:08 - [MESSAGE][PASSED] - Text 'developer@improvegroup.net' is set on object 'Object Repository/Page_Sign in to your account/input_Sign in_loginfmt'

2023-11-02 12:41:08 - [TEST_STEP][PASSED] - click(findTestObject("Object Repository/Page_Sign in to your account/input_Sign in_idSIButton9")): Object: 'Object Repository/Page_Sign in to your account/input_Sign in_idSIButton9' is clicked on

2023-11-02 12:41:09 - [MESSAGE][PASSED] - Object: 'Object Repository/Page_Sign in to your account/input_Sign in_idSIButton9' is clicked on

2023-11-02 12:41:09 - [TEST_STEP][PASSED] - setEncryptedText(findTestObject("Object Repository/Page_Sign in to your account/input_Enter password_passwd"), "sK5W0xXM7P4PcWMR5eMBjA=="): Text ****** has been set on object 'Object Repository/Page_Sign in to your account/input_Enter password_passwd'

2023-11-02 12:41:14 - [MESSAGE][PASSED] - Text ****** has been set on object 'Object Repository/Page_Sign in to your account/input_Enter password_passwd'

2023-11-02 12:41:14 - [TEST_STEP][PASSED] - click(findTestObject("Object Repository/Page_Sign in to your account/input_Sign in_idSIButton9")): Object: 'Object Repository/Page_Sign in to your account/input_Sign in_idSIButton9' is clicked on

2023-11-02 12:41:16 - [MESSAGE][PASSED] - Object: 'Object Repository/Page_Sign in to your account/input_Sign in_idSIButton9' is clicked on

2023-11-02 12:41:16 - [TEST_STEP][PASSED] - click(findTestObject("Object Repository/Page_Sign in to your account/span_Dont show this again")): Object: 'Object Repository/Page_Sign in to your account/span_Dont show this again' is clicked on

2023-11-02 12:41:16 - [MESSAGE][PASSED] - Object: 'Object Repository/Page_Sign in to your account/span_Dont show this again' is clicked on

2023-11-02 12:41:16 - [TEST_STEP][PASSED] - click(findTestObject("Object Repository/Page_Sign in to your account/input_Sign in_idSIButton9")): Object: 'Object Repository/Page_Sign in to your account/input_Sign in_idSIButton9' is clicked on

2023-11-02 12:41:26 - [MESSAGE][PASSED] - Object: 'Object Repository/Page_Sign in to your account/input_Sign in_idSIButton9' is clicked on

2023-11-02 12:41:26 - [TEST_STEP][PASSED] - click(findTestObject("Object Repository/Page_Apps - Dynamics 365/div_Sales Team MemberTeam Member access to _92f2a0")): Object: 'Object Repository/Page_Apps - Dynamics 365/div_Sales Team MemberTeam Member access to _92f2a0' is clicked on

2023-11-02 12:41:36 - [MESSAGE][PASSED] - Object: 'Object Repository/Page_Apps - Dynamics 365/div_Sales Team MemberTeam Member access to _92f2a0' is clicked on

2023-11-02 12:41:36 - [TEST_STEP][PASSED] - closeBrowser(): Browser is closed

2023-11-02 12:41:37 - [MESSAGE][PASSED] - Browser is closed]]></system-out>
         <system-err><![CDATA[]]></system-err>
      </testcase>
      <testcase name="Test Cases/Improve group sandbox/navigate to opportunity" time="90.193" classname="Test Cases/Improve group sandbox/navigate to opportunity" status="PASSED">
         <system-out><![CDATA[2023-11-02 12:41:37 - [TEST_CASE][PASSED] - Test Cases/Improve group sandbox/navigate to opportunity: Test Cases/Improve group sandbox/navigate to opportunity

2023-11-02 12:41:37 - [TEST_STEP][PASSED] - openBrowser(""): Browser is opened with url: ''

2023-11-02 12:41:37 - [MESSAGE][INFO] - Starting 'Chrome' driver

2023-11-02 12:41:37 - [MESSAGE][INFO] - Action delay is set to 0 milliseconds

2023-11-02 12:41:39 - [MESSAGE][PASSED] - Browser is opened with url: ''

2023-11-02 12:41:39 - [TEST_STEP][PASSED] - navigateToUrl("https://login.microsoftonline.com/5962d1ad-6415-4cb2-be1f-0a8eb0738701/oauth2/authorize?client_id=00000007-0000-0000-c000-000000000000&response_mode=form_post&response_type=code+id_token&scope=openid+profile&state=OpenIdConnect.AuthenticationProperties%3dMAAAAJuRwNptVRHui8UAIkgoLxtiDR72xemKGiQtVno7Y9cddPSyadFN-yt9EaVTRhRVLAEAAAABAAAACS5yZWRpcmVjdCRodHRwczovL2lnLXNhbmRib3guY3JtLmR5bmFtaWNzLmNvbS8%26RedirectTo%3dMAAAAJuRwNptVRHui8UAIkgoLxsIpB2wm%252behUpsJJrDAl3wnWba7gA8ouEjACI7q%252bSzRnWh0dHBzOi8vaWctc2FuZGJveC5jcm0uZHluYW1pY3MuY29tLw%253d%253d%26RedirectToForMcas%3dhttps%253a%252f%252fig-sandbox.crm.dynamics.com%252f&nonce=638345051644984248.OTM2ZDEzNzgtOGUzYi00NGUyLTk0NzUtNDI0N2FmZTZkYjgzNTU0ZmVmNDgtZDJjMi00Y2QwLWE5MWItY2VkOWVhNmI1MjY4&redirect_uri=https%3a%2f%2fbn1--namcrmlivesg645.crm.dynamics.com%2f&max_age=86400"): Navigate to 'https://login.microsoftonline.com/5962d1ad-6415-4cb2-be1f-0a8eb0738701/oauth2/authorize?client_id=00000007-0000-0000-c000-000000000000&response_mode=form_post&response_type=code+id_token&scope=openid+profile&state=OpenIdConnect.AuthenticationProperties%3dMAAAAJuRwNptVRHui8UAIkgoLxtiDR72xemKGiQtVno7Y9cddPSyadFN-yt9EaVTRhRVLAEAAAABAAAACS5yZWRpcmVjdCRodHRwczovL2lnLXNhbmRib3guY3JtLmR5bmFtaWNzLmNvbS8%26RedirectTo%3dMAAAAJuRwNptVRHui8UAIkgoLxsIpB2wm%252behUpsJJrDAl3wnWba7gA8ouEjACI7q%252bSzRnWh0dHBzOi8vaWctc2FuZGJveC5jcm0uZHluYW1pY3MuY29tLw%253d%253d%26RedirectToForMcas%3dhttps%253a%252f%252fig-sandbox.crm.dynamics.com%252f&nonce=638345051644984248.OTM2ZDEzNzgtOGUzYi00NGUyLTk0NzUtNDI0N2FmZTZkYjgzNTU0ZmVmNDgtZDJjMi00Y2QwLWE5MWItY2VkOWVhNmI1MjY4&redirect_uri=https%3a%2f%2fbn1--namcrmlivesg645.crm.dynamics.com%2f&max_age=86400' successfully

2023-11-02 12:41:41 - [MESSAGE][PASSED] - Navigate to 'https://login.microsoftonline.com/5962d1ad-6415-4cb2-be1f-0a8eb0738701/oauth2/authorize?client_id=00000007-0000-0000-c000-000000000000&response_mode=form_post&response_type=code+id_token&scope=openid+profile&state=OpenIdConnect.AuthenticationProperties%3dMAAAAJuRwNptVRHui8UAIkgoLxtiDR72xemKGiQtVno7Y9cddPSyadFN-yt9EaVTRhRVLAEAAAABAAAACS5yZWRpcmVjdCRodHRwczovL2lnLXNhbmRib3guY3JtLmR5bmFtaWNzLmNvbS8%26RedirectTo%3dMAAAAJuRwNptVRHui8UAIkgoLxsIpB2wm%252behUpsJJrDAl3wnWba7gA8ouEjACI7q%252bSzRnWh0dHBzOi8vaWctc2FuZGJveC5jcm0uZHluYW1pY3MuY29tLw%253d%253d%26RedirectToForMcas%3dhttps%253a%252f%252fig-sandbox.crm.dynamics.com%252f&nonce=638345051644984248.OTM2ZDEzNzgtOGUzYi00NGUyLTk0NzUtNDI0N2FmZTZkYjgzNTU0ZmVmNDgtZDJjMi00Y2QwLWE5MWItY2VkOWVhNmI1MjY4&redirect_uri=https%3a%2f%2fbn1--namcrmlivesg645.crm.dynamics.com%2f&max_age=86400' successfully

2023-11-02 12:41:41 - [TEST_STEP][PASSED] - setText(findTestObject("Object Repository/Page_Sign in to your account/input_Sign in_loginfmt"), "anshu@binmile.com"): Text 'anshu@binmile.com' is set on object 'Object Repository/Page_Sign in to your account/input_Sign in_loginfmt'

2023-11-02 12:41:45 - [MESSAGE][PASSED] - Text 'anshu@binmile.com' is set on object 'Object Repository/Page_Sign in to your account/input_Sign in_loginfmt'

2023-11-02 12:41:45 - [TEST_STEP][PASSED] - click(findTestObject("Object Repository/Page_Sign in to your account/input_Sign in_idSIButton9")): Object: 'Object Repository/Page_Sign in to your account/input_Sign in_idSIButton9' is clicked on

2023-11-02 12:41:45 - [MESSAGE][PASSED] - Object: 'Object Repository/Page_Sign in to your account/input_Sign in_idSIButton9' is clicked on

2023-11-02 12:41:45 - [TEST_STEP][PASSED] - setEncryptedText(findTestObject("Object Repository/Page_Sign in to your account/input_Enter password_passwd"), "fbLyEXJQlq0lCP8/IajhPA=="): Text ****** has been set on object 'Object Repository/Page_Sign in to your account/input_Enter password_passwd'

2023-11-02 12:41:48 - [MESSAGE][PASSED] - Text ****** has been set on object 'Object Repository/Page_Sign in to your account/input_Enter password_passwd'

2023-11-02 12:41:48 - [TEST_STEP][PASSED] - click(findTestObject("Object Repository/Page_Sign in to your account/input_Sign in_idSIButton9")): Object: 'Object Repository/Page_Sign in to your account/input_Sign in_idSIButton9' is clicked on

2023-11-02 12:41:50 - [MESSAGE][PASSED] - Object: 'Object Repository/Page_Sign in to your account/input_Sign in_idSIButton9' is clicked on

2023-11-02 12:41:50 - [TEST_STEP][PASSED] - click(findTestObject("Object Repository/Page_Sign in to your account/input_Sign in_idSIButton9")): Object: 'Object Repository/Page_Sign in to your account/input_Sign in_idSIButton9' is clicked on

2023-11-02 12:42:11 - [MESSAGE][PASSED] - Object: 'Object Repository/Page_Sign in to your account/input_Sign in_idSIButton9' is clicked on

2023-11-02 12:42:11 - [TEST_STEP][PASSED] - click(findTestObject("Object Repository/Page_Apps - Dynamics 365/div_Sales Team Member")): Object: 'Object Repository/Page_Apps - Dynamics 365/div_Sales Team Member' is clicked on

2023-11-02 12:42:21 - [MESSAGE][PASSED] - Object: 'Object Repository/Page_Apps - Dynamics 365/div_Sales Team Member' is clicked on

2023-11-02 12:42:22 - [TEST_STEP][PASSED] - click(findTestObject("Object Repository/Page_1. My Tasks  Active Projects - Dynamics 365/span_Home")): Object: 'Object Repository/Page_1. My Tasks  Active Projects - Dynamics 365/span_Home' is clicked on

2023-11-02 12:42:53 - [MESSAGE][INFO] - Unable to find the element located by 'By.xpath: //li[@id='sitemap-entity-Home_8E2112DC-AD90-40F5-BEBE-0A8D80785D75']/div/div/div[2]/span[2]'. Please recheck the objects properties to make sure the desired element is located. 

2023-11-02 12:42:53 - [MESSAGE][WARNING] - [SELF-HEALING] Failed to find element with id 'Object Repository/Page_1. My Tasks  Active Projects - Dynamics 365/span_Home'. Try using Self-healing.

2023-11-02 12:42:53 - [MESSAGE][WARNING] - [SELF-HEALING] The current locator of test object 'Object Repository/Page_1. My Tasks  Active Projects - Dynamics 365/span_Home' was broken. Propose an alternative one: '(.//*[normalize-space(text()) and normalize-space(.)='Sign out'])[1]/following::span[5]'.

2023-11-02 12:42:54 - [MESSAGE][PASSED] - Object: 'Object Repository/Page_1. My Tasks  Active Projects - Dynamics 365/span_Home' is clicked on

2023-11-02 12:42:54 - [TEST_STEP][PASSED] - click(findTestObject("Object Repository/Page_1. My Tasks  Active Projects - Dynamics 365/div_Opportunities")): Object: 'Object Repository/Page_1. My Tasks  Active Projects - Dynamics 365/div_Opportunities' is clicked on

2023-11-02 12:43:06 - [MESSAGE][PASSED] - Object: 'Object Repository/Page_1. My Tasks  Active Projects - Dynamics 365/div_Opportunities' is clicked on

2023-11-02 12:43:06 - [TEST_STEP][PASSED] - closeBrowser(): Browser is closed

2023-11-02 12:43:07 - [MESSAGE][PASSED] - Browser is closed]]></system-out>
         <system-err><![CDATA[]]></system-err>
      </testcase>
      <system-out><![CDATA[2023-11-02 12:35:06 - [TEST_SUITE][FAILED] - sandbox: Test Cases/Improve group sandbox/navigate to opportunity FAILED.
Reason:
com.kms.katalon.core.exception.StepFailedException: Unable to click on object 'Object Repository/Page_1. My Tasks  Active Projects - Dynamics 365/div_Opportunities'
	at com.kms.katalon.core.webui.keyword.internal.WebUIKeywordMain.stepFailed(WebUIKeywordMain.groovy:64)
	at com.kms.katalon.core.webui.keyword.internal.WebUIKeywordMain.runKeyword(WebUIKeywordMain.groovy:26)
	at com.kms.katalon.core.webui.keyword.builtin.ClickKeyword.click(ClickKeyword.groovy:74)
	at com.kms.katalon.core.webui.keyword.builtin.ClickKeyword.execute(ClickKeyword.groovy:40)
	at com.kms.katalon.core.keyword.internal.KeywordExecutor.executeKeywordForPlatform(KeywordExecutor.groovy:74)
	at com.kms.katalon.core.webui.keyword.WebUiBuiltInKeywords.click(WebUiBuiltInKeywords.groovy:620)
	at com.kms.katalon.core.webui.keyword.WebUiBuiltInKeywords$click$2.call(Unknown Source)
	at navigate to opportunity.run(navigate to opportunity:38)
	at com.kms.katalon.core.main.ScriptEngine.run(ScriptEngine.java:194)
	at com.kms.katalon.core.main.ScriptEngine.runScriptAsRawText(ScriptEngine.java:119)
	at com.kms.katalon.core.main.TestCaseExecutor.runScript(TestCaseExecutor.java:448)
	at com.kms.katalon.core.main.TestCaseExecutor.doExecute(TestCaseExecutor.java:439)
	at com.kms.katalon.core.main.TestCaseExecutor.processExecutionPhase(TestCaseExecutor.java:418)
	at com.kms.katalon.core.main.TestCaseExecutor.accessMainPhase(TestCaseExecutor.java:410)
	at com.kms.katalon.core.main.TestCaseExecutor.execute(TestCaseExecutor.java:285)
	at com.kms.katalon.core.common.CommonExecutor.accessTestCaseMainPhase(CommonExecutor.java:65)
	at com.kms.katalon.core.main.TestSuiteExecutor.accessTestSuiteMainPhase(TestSuiteExecutor.java:148)
	at com.kms.katalon.core.main.TestSuiteExecutor.execute(TestSuiteExecutor.java:106)
	at com.kms.katalon.core.main.TestCaseMain.startTestSuite(TestCaseMain.java:187)
	at com.kms.katalon.core.main.TestCaseMain$startTestSuite$0.call(Unknown Source)
	at TempTestSuite1698908696204.run(TempTestSuite1698908696204.groovy:36)
Caused by: org.openqa.selenium.ElementNotInteractableException: element not interactable
  (Session info: chrome=118.0.5993.118)
Build info: version: '3.141.59', revision: 'e82be7d358', time: '2018-11-14T08:25:53'
System info: host: 'BMT-LAP-133', ip: '192.168.82.8', os.name: 'Windows 11', os.arch: 'amd64', os.version: '10.0', java.version: '1.8.0_362'
Driver info: com.kms.katalon.selenium.driver.CChromeDriver
Capabilities {acceptInsecureCerts: false, browserName: chrome, browserVersion: 118.0.5993.118, chrome: {chromedriverVersion: 118.0.5993.70 (e52f33f30b91..., userDataDir: C:\Users\anshu\AppData\Loca...}, fedcm:accounts: true, goog:chromeOptions: {debuggerAddress: localhost:53620}, javascriptEnabled: true, networkConnectionEnabled: false, pageLoadStrategy: normal, platform: WINDOWS, platformName: WINDOWS, proxy: Proxy(), setWindowRect: true, strictFileInteractability: false, timeouts: {implicit: 0, pageLoad: 300000, script: 30000}, unhandledPromptBehavior: dismiss and notify, webauthn:extension:credBlob: true, webauthn:extension:largeBlob: true, webauthn:extension:minPinLength: true, webauthn:extension:prf: true, webauthn:virtualAuthenticators: true}
Session ID: 47ebe775b925c129c281614012d8fe9b
	at org.openqa.selenium.remote.http.W3CHttpResponseCodec.createException(W3CHttpResponseCodec.java:187)
	at org.openqa.selenium.remote.http.W3CHttpResponseCodec.decode(W3CHttpResponseCodec.java:122)
	at org.openqa.selenium.remote.http.W3CHttpResponseCodec.decode(W3CHttpResponseCodec.java:49)
	at org.openqa.selenium.remote.HttpCommandExecutor.execute(HttpCommandExecutor.java:158)
	at org.openqa.selenium.remote.service.DriverCommandExecutor.execute(DriverCommandExecutor.java:83)
	at org.openqa.selenium.remote.RemoteWebDriver.execute(RemoteWebDriver.java:552)
	at com.kms.katalon.selenium.driver.CChromeDriver.execute(CChromeDriver.java:19)
	at org.openqa.selenium.remote.RemoteWebElement.execute(RemoteWebElement.java:285)
	at org.openqa.selenium.remote.RemoteWebElement.click(RemoteWebElement.java:84)
	at org.openqa.selenium.support.events.EventFiringWebDriver$EventFiringWebElement.lambda$new$0(EventFiringWebDriver.java:404)
	at com.sun.proxy.$Proxy11.click(Unknown Source)
	at org.openqa.selenium.support.events.EventFiringWebDriver$EventFiringWebElement.click(EventFiringWebDriver.java:417)
	at org.openqa.selenium.WebElement$click.call(Unknown Source)
	at com.kms.katalon.core.webui.keyword.builtin.ClickKeyword.clickUntilSuccessWithTimeout(ClickKeyword.groovy:81)
	at com.kms.katalon.core.webui.keyword.builtin.ClickKeyword.clickUntilSuccessWithTimeout(ClickKeyword.groovy)
	at com.kms.katalon.core.webui.keyword.builtin.ClickKeyword$_click_closure1.doCall(ClickKeyword.groovy:67)
	at com.kms.katalon.core.webui.keyword.builtin.ClickKeyword$_click_closure1.call(ClickKeyword.groovy)
	at com.kms.katalon.core.webui.keyword.internal.WebUIKeywordMain.runKeyword(WebUIKeywordMain.groovy:20)
	... 19 more]]></system-out>
      <system-err><![CDATA[2023-11-02 12:35:06 - [TEST_SUITE][FAILED] - sandbox: Test Cases/Improve group sandbox/navigate to opportunity FAILED.
Reason:
com.kms.katalon.core.exception.StepFailedException: Unable to click on object 'Object Repository/Page_1. My Tasks  Active Projects - Dynamics 365/div_Opportunities'
	at com.kms.katalon.core.webui.keyword.internal.WebUIKeywordMain.stepFailed(WebUIKeywordMain.groovy:64)
	at com.kms.katalon.core.webui.keyword.internal.WebUIKeywordMain.runKeyword(WebUIKeywordMain.groovy:26)
	at com.kms.katalon.core.webui.keyword.builtin.ClickKeyword.click(ClickKeyword.groovy:74)
	at com.kms.katalon.core.webui.keyword.builtin.ClickKeyword.execute(ClickKeyword.groovy:40)
	at com.kms.katalon.core.keyword.internal.KeywordExecutor.executeKeywordForPlatform(KeywordExecutor.groovy:74)
	at com.kms.katalon.core.webui.keyword.WebUiBuiltInKeywords.click(WebUiBuiltInKeywords.groovy:620)
	at com.kms.katalon.core.webui.keyword.WebUiBuiltInKeywords$click$2.call(Unknown Source)
	at navigate to opportunity.run(navigate to opportunity:38)
	at com.kms.katalon.core.main.ScriptEngine.run(ScriptEngine.java:194)
	at com.kms.katalon.core.main.ScriptEngine.runScriptAsRawText(ScriptEngine.java:119)
	at com.kms.katalon.core.main.TestCaseExecutor.runScript(TestCaseExecutor.java:448)
	at com.kms.katalon.core.main.TestCaseExecutor.doExecute(TestCaseExecutor.java:439)
	at com.kms.katalon.core.main.TestCaseExecutor.processExecutionPhase(TestCaseExecutor.java:418)
	at com.kms.katalon.core.main.TestCaseExecutor.accessMainPhase(TestCaseExecutor.java:410)
	at com.kms.katalon.core.main.TestCaseExecutor.execute(TestCaseExecutor.java:285)
	at com.kms.katalon.core.common.CommonExecutor.accessTestCaseMainPhase(CommonExecutor.java:65)
	at com.kms.katalon.core.main.TestSuiteExecutor.accessTestSuiteMainPhase(TestSuiteExecutor.java:148)
	at com.kms.katalon.core.main.TestSuiteExecutor.execute(TestSuiteExecutor.java:106)
	at com.kms.katalon.core.main.TestCaseMain.startTestSuite(TestCaseMain.java:187)
	at com.kms.katalon.core.main.TestCaseMain$startTestSuite$0.call(Unknown Source)
	at TempTestSuite1698908696204.run(TempTestSuite1698908696204.groovy:36)
Caused by: org.openqa.selenium.ElementNotInteractableException: element not interactable
  (Session info: chrome=118.0.5993.118)
Build info: version: '3.141.59', revision: 'e82be7d358', time: '2018-11-14T08:25:53'
System info: host: 'BMT-LAP-133', ip: '192.168.82.8', os.name: 'Windows 11', os.arch: 'amd64', os.version: '10.0', java.version: '1.8.0_362'
Driver info: com.kms.katalon.selenium.driver.CChromeDriver
Capabilities {acceptInsecureCerts: false, browserName: chrome, browserVersion: 118.0.5993.118, chrome: {chromedriverVersion: 118.0.5993.70 (e52f33f30b91..., userDataDir: C:\Users\anshu\AppData\Loca...}, fedcm:accounts: true, goog:chromeOptions: {debuggerAddress: localhost:53620}, javascriptEnabled: true, networkConnectionEnabled: false, pageLoadStrategy: normal, platform: WINDOWS, platformName: WINDOWS, proxy: Proxy(), setWindowRect: true, strictFileInteractability: false, timeouts: {implicit: 0, pageLoad: 300000, script: 30000}, unhandledPromptBehavior: dismiss and notify, webauthn:extension:credBlob: true, webauthn:extension:largeBlob: true, webauthn:extension:minPinLength: true, webauthn:extension:prf: true, webauthn:virtualAuthenticators: true}
Session ID: 47ebe775b925c129c281614012d8fe9b
	at org.openqa.selenium.remote.http.W3CHttpResponseCodec.createException(W3CHttpResponseCodec.java:187)
	at org.openqa.selenium.remote.http.W3CHttpResponseCodec.decode(W3CHttpResponseCodec.java:122)
	at org.openqa.selenium.remote.http.W3CHttpResponseCodec.decode(W3CHttpResponseCodec.java:49)
	at org.openqa.selenium.remote.HttpCommandExecutor.execute(HttpCommandExecutor.java:158)
	at org.openqa.selenium.remote.service.DriverCommandExecutor.execute(DriverCommandExecutor.java:83)
	at org.openqa.selenium.remote.RemoteWebDriver.execute(RemoteWebDriver.java:552)
	at com.kms.katalon.selenium.driver.CChromeDriver.execute(CChromeDriver.java:19)
	at org.openqa.selenium.remote.RemoteWebElement.execute(RemoteWebElement.java:285)
	at org.openqa.selenium.remote.RemoteWebElement.click(RemoteWebElement.java:84)
	at org.openqa.selenium.support.events.EventFiringWebDriver$EventFiringWebElement.lambda$new$0(EventFiringWebDriver.java:404)
	at com.sun.proxy.$Proxy11.click(Unknown Source)
	at org.openqa.selenium.support.events.EventFiringWebDriver$EventFiringWebElement.click(EventFiringWebDriver.java:417)
	at org.openqa.selenium.WebElement$click.call(Unknown Source)
	at com.kms.katalon.core.webui.keyword.builtin.ClickKeyword.clickUntilSuccessWithTimeout(ClickKeyword.groovy:81)
	at com.kms.katalon.core.webui.keyword.builtin.ClickKeyword.clickUntilSuccessWithTimeout(ClickKeyword.groovy)
	at com.kms.katalon.core.webui.keyword.builtin.ClickKeyword$_click_closure1.doCall(ClickKeyword.groovy:67)
	at com.kms.katalon.core.webui.keyword.builtin.ClickKeyword$_click_closure1.call(ClickKeyword.groovy)
	at com.kms.katalon.core.webui.keyword.internal.WebUIKeywordMain.runKeyword(WebUIKeywordMain.groovy:20)
	... 19 more]]></system-err>
   </testsuite>
</testsuites>
